<?xml version="1.0" encoding="UTF-8"?>
<!-- Generated by org.testng.reporters.JUnitReportReporter -->
<testsuite hostname="TYC1221031" failures="0" tests="1" name="com.crm.Vtiger.CreateContacts.ACreateContactWithOrganisationTest" time="21.946" errors="0" timestamp="2022-08-05T15:10:18 IST" skipped="0">
  <testcase classname="com.crm.Vtiger.CreateContacts.ACreateContactWithOrganisationTest" name="createContactWithOrganisationTest" time="21.946"/>
  <system-out/>
</testsuite> <!-- com.crm.Vtiger.CreateContacts.ACreateContactWithOrganisationTest -->
