<?xml version="1.0" encoding="UTF-8"?>
<!-- Generated by org.testng.reporters.JUnitReportReporter -->
<testsuite hostname="TYC1221031" failures="0" tests="3" name="additionalMethods" time="0.030" errors="0" timestamp="2022-08-02T12:58:42 IST" skipped="0">
  <testcase classname="additionalMethods" name="cat" time="0.026"/>
  <system-out>
    <![CDATA[meow meow]]>
  </system-out>
  <testcase classname="additionalMethods" name="dog" time="0.003"/>
  <system-out>
    <![CDATA[bow bow]]>
  </system-out>
  <testcase classname="additionalMethods" name="snake" time="0.001"/>
  <system-out>
    <![CDATA[buss buss]]>
  </system-out>
</testsuite> <!-- additionalMethods -->
