<?xml version="1.0" encoding="UTF-8"?>
<!-- Generated by org.testng.reporters.JUnitReportReporter -->
<testsuite hostname="TYC1221031" failures="0" tests="1" name="com.crm.Vtiger.Organisation.CreateOrganisationTest" time="12.795" errors="0" timestamp="2022-08-05T15:03:06 IST" skipped="0">
  <testcase classname="com.crm.Vtiger.Organisation.CreateOrganisationTest" name="createOrganisationTest" time="12.795"/>
  <system-out/>
</testsuite> <!-- com.crm.Vtiger.Organisation.CreateOrganisationTest -->
