<?xml version="1.0" encoding="UTF-8"?>
<!-- Generated by org.testng.reporters.JUnitReportReporter -->
<testsuite hostname="TYC1221031" failures="0" tests="2" name="TestngExample" time="0.016" errors="0" timestamp="2022-08-02T12:38:09 IST" skipped="0">
  <testcase classname="TestngExample" name="test2" time="0.003"/>
  <system-out/>
  <testcase classname="TestngExample" name="test1" time="0.013"/>
  <system-out/>
</testsuite> <!-- TestngExample -->
