<?xml version="1.0" encoding="UTF-8"?>
<!-- Generated by org.testng.reporters.JUnitReportReporter -->
<testsuite hostname="TYC1221031" failures="0" tests="1" name="com.crm.Vtiger.CreateContacts.CreateContactWithOrganisationTest" time="31.122" errors="0" timestamp="2022-08-12T12:19:00 IST" skipped="0">
  <testcase classname="com.crm.Vtiger.CreateContacts.CreateContactWithOrganisationTest" name="createContactWithOrganisationTest" time="31.122"/>
  <system-out>
    <![CDATA[oranisation is created
CreateContactWithOrganisationTest is pass]]>
  </system-out>
</testsuite> <!-- com.crm.Vtiger.CreateContacts.CreateContactWithOrganisationTest -->
